{"numTotalTestSuites":18,"numPassedTestSuites":18,"numFailedTestSuites":0,"numPendingTestSuites":0,"numTotalTests":99,"numPassedTests":99,"numFailedTests":0,"numPendingTests":0,"numTodoTests":0,"snapshot":{"added":0,"failure":false,"filesAdded":0,"filesRemoved":0,"filesRemovedList":[],"filesUnmatched":0,"filesUpdated":0,"matched":0,"total":0,"unchecked":0,"uncheckedKeysByFile":[],"unmatched":0,"updated":0,"didUpdate":false},"startTime":1784156337504,"success":true,"testResults":[{"assertionResults":[{"ancestorTitles":["Result contracts","ok()"],"fullName":"Result contracts ok() creates a success result with data and timestamp","status":"passed","title":"creates a success result with data and timestamp","duration":1.7769000000000688,"failureMessages":[],"meta":{},"tags":[]},{"ancestorTitles":["Result contracts","ok()"],"fullName":"Result contracts ok() creates success with null data","status":"passed","title":"creates success with null data","duration":0.20949999999993452,"failureMessages":[],"meta":{},"tags":[]},{"ancestorTitles":["Result contracts","ok()"],"fullName":"Result contracts ok() creates success with empty string data","status":"passed","title":"creates success with empty string data","duration":0.18869999999992615,"failureMessages":[],"meta":{},"tags":[]},{"ancestorTitles":["Result contracts","ok()"],"fullName":"Result contracts ok() creates success with numeric data","status":"passed","title":"creates success with numeric data","duration":0.12069999999994252,"failureMessages":[],"meta":{},"tags":[]},{"ancestorTitles":["Result contracts","ok()"],"fullName":"Result contracts ok() creates success with boolean data","status":"passed","title":"creates success with boolean data","duration":0.11599999999998545,"failureMessages":[],"meta":{},"tags":[]},{"ancestorTitles":["Result contracts","ok()"],"fullName":"Result contracts ok() creates success with array data","status":"passed","title":"creates success with array data","duration":0.13760000000002037,"failureMessages":[],"meta":{},"tags":[]},{"ancestorTitles":["Result contracts","ok()"],"fullName":"Result contracts ok() creates success with nested object data","status":"passed","title":"creates success with nested object data","duration":0.12049999999999272,"failureMessages":[],"meta":{},"tags":[]},{"ancestorTitles":["Result contracts","ok()"],"fullName":"Result contracts ok() timestamp is a valid ISO string","status":"passed","title":"timestamp is a valid ISO string","duration":0.13640000000009422,"failureMessages":[],"meta":{},"tags":[]},{"ancestorTitles":["Result contracts","ok()"],"fullName":"Result contracts ok() timestamp is mutable only on the value (readonly at type level)","status":"passed","title":"timestamp is mutable only on the value (readonly at type level)","duration":0.08789999999999054,"failureMessages":[],"meta":{},"tags":[]},{"ancestorTitles":["Result contracts","err()"],"fullName":"Result contracts err() creates a failure result with error and timestamp","status":"passed","title":"creates a failure result with error and timestamp","duration":0.20450000000005275,"failureMessages":[],"meta":{},"tags":[]},{"ancestorTitles":["Result contracts","err()"],"fullName":"Result contracts err() timestamp is a valid ISO string","status":"passed","title":"timestamp is a valid ISO string","duration":0.11020000000007713,"failureMessages":[],"meta":{},"tags":[]},{"ancestorTitles":["Result contracts","err()"],"fullName":"Result contracts err() preserves all error fields","status":"passed","title":"preserves all error fields","duration":0.2636999999999716,"failureMessages":[],"meta":{},"tags":[]},{"ancestorTitles":["Result contracts","type guards"],"fullName":"Result contracts type guards isOk returns true for success","status":"passed","title":"isOk returns true for success","duration":0.08799999999996544,"failureMessages":[],"meta":{},"tags":[]},{"ancestorTitles":["Result contracts","type guards"],"fullName":"Result contracts type guards isOk returns false for failure","status":"passed","title":"isOk returns false for failure","duration":0.05749999999989086,"failureMessages":[],"meta":{},"tags":[]},{"ancestorTitles":["Result contracts","type guards"],"fullName":"Result contracts type guards isErr returns true for failure","status":"passed","title":"isErr returns true for failure","duration":0.0724999999999909,"failureMessages":[],"meta":{},"tags":[]},{"ancestorTitles":["Result contracts","type guards"],"fullName":"Result contracts type guards isErr returns false for success","status":"passed","title":"isErr returns false for success","duration":0.1357999999997901,"failureMessages":[],"meta":{},"tags":[]},{"ancestorTitles":["Result contracts","type guards"],"fullName":"Result contracts type guards isOk narrows type for success data access","status":"passed","title":"isOk narrows type for success data access","duration":0.06580000000008113,"failureMessages":[],"meta":{},"tags":[]},{"ancestorTitles":["Result contracts","type guards"],"fullName":"Result contracts type guards isErr narrows type for error access","status":"passed","title":"isErr narrows type for error access","duration":0.05569999999988795,"failureMessages":[],"meta":{},"tags":[]},{"ancestorTitles":["Result contracts","assertNever"],"fullName":"Result contracts assertNever throws for any input","status":"passed","title":"throws for any input","duration":0.5370000000000346,"failureMessages":[],"meta":{},"tags":[]},{"ancestorTitles":["Result contracts","assertNever"],"fullName":"Result contracts assertNever throws for numeric input","status":"passed","title":"throws for numeric input","duration":0.11659999999983484,"failureMessages":[],"meta":{},"tags":[]},{"ancestorTitles":["Result contracts","ErrorCode"],"fullName":"Result contracts ErrorCode has all expected codes","status":"passed","title":"has all expected codes","duration":0.09479999999985012,"failureMessages":[],"meta":{},"tags":[]},{"ancestorTitles":["Result contracts","ErrorCode"],"fullName":"Result contracts ErrorCode has CONFLICT","status":"passed","title":"has CONFLICT","duration":0.041999999999916326,"failureMessages":[],"meta":{},"tags":[]},{"ancestorTitles":["Result contracts","ErrorCode"],"fullName":"Result contracts ErrorCode has UNAUTHORIZED","status":"passed","title":"has UNAUTHORIZED","duration":0.037900000000036016,"failureMessages":[],"meta":{},"tags":[]},{"ancestorTitles":["Result contracts","ErrorCode"],"fullName":"Result contracts ErrorCode has FORBIDDEN","status":"passed","title":"has FORBIDDEN","duration":0.03660000000013497,"failureMessages":[],"meta":{},"tags":[]},{"ancestorTitles":["Result contracts","ErrorCode"],"fullName":"Result contracts ErrorCode has TIMEOUT","status":"passed","title":"has TIMEOUT","duration":0.03530000000000655,"failureMessages":[],"meta":{},"tags":[]},{"ancestorTitles":["Result contracts","ErrorCode"],"fullName":"Result contracts ErrorCode has RATE_LIMIT","status":"passed","title":"has RATE_LIMIT","duration":0.036200000000008004,"failureMessages":[],"meta":{},"tags":[]},{"ancestorTitles":["Result contracts","ErrorCode"],"fullName":"Result contracts ErrorCode has DEPENDENCY_UNAVAILABLE","status":"passed","title":"has DEPENDENCY_UNAVAILABLE","duration":0.035000000000081855,"failureMessages":[],"meta":{},"tags":[]},{"ancestorTitles":["Result contracts","ErrorCode"],"fullName":"Result contracts ErrorCode has DATABASE","status":"passed","title":"has DATABASE","duration":0.03440000000000509,"failureMessages":[],"meta":{},"tags":[]},{"ancestorTitles":["Result contracts","ErrorCode"],"fullName":"Result contracts ErrorCode has INTERNAL","status":"passed","title":"has INTERNAL","duration":0.034199999999827924,"failureMessages":[],"meta":{},"tags":[]},{"ancestorTitles":["Result contracts","ErrorCode"],"fullName":"Result contracts ErrorCode has AI_SAFETY_REJECTION","status":"passed","title":"has AI_SAFETY_REJECTION","duration":0.041999999999916326,"failureMessages":[],"meta":{},"tags":[]},{"ancestorTitles":["Result contracts","ErrorCode"],"fullName":"Result contracts ErrorCode has CANCELLED","status":"passed","title":"has CANCELLED","duration":0.037900000000036016,"failureMessages":[],"meta":{},"tags":[]},{"ancestorTitles":["Result contracts","ErrorCode"],"fullName":"Result contracts ErrorCode has STALE_VERSION","status":"passed","title":"has STALE_VERSION","duration":0.03550000000018372,"failureMessages":[],"meta":{},"tags":[]},{"ancestorTitles":["Result contracts","ErrorCode"],"fullName":"Result contracts ErrorCode every code is a non-empty string","status":"passed","title":"every code is a non-empty string","duration":0.4556999999999789,"failureMessages":[],"meta":{},"tags":[]},{"ancestorTitles":["Result contracts","resultError"],"fullName":"Result contracts resultError creates error with required fields","status":"passed","title":"creates error with required fields","duration":0.27510000000006585,"failureMessages":[],"meta":{},"tags":[]},{"ancestorTitles":["Result contracts","resultError"],"fullName":"Result contracts resultError creates error with optional fields","status":"passed","title":"creates error with optional fields","duration":0.828899999999976,"failureMessages":[],"meta":{},"tags":[]},{"ancestorTitles":["Result contracts","resultError"],"fullName":"Result contracts resultError creates error with cause chain","status":"passed","title":"creates error with cause chain","duration":0.2261999999998352,"failureMessages":[],"meta":{},"tags":[]},{"ancestorTitles":["Result contracts","resultError"],"fullName":"Result contracts resultError creates error with multiple validation issues","status":"passed","title":"creates error with multiple validation issues","duration":0.27909999999997126,"failureMessages":[],"meta":{},"tags":[]},{"ancestorTitles":["Result contracts","resultError"],"fullName":"Result contracts resultError creates error with retryable flag","status":"passed","title":"creates error with retryable flag","duration":0.1225000000001728,"failureMessages":[],"meta":{},"tags":[]},{"ancestorTitles":["Result contracts","resultError"],"fullName":"Result contracts resultError creates error with non-retryable flag","status":"passed","title":"creates error with non-retryable flag","duration":0.11230000000000473,"failureMessages":[],"meta":{},"tags":[]},{"ancestorTitles":["Result contracts","errorToHttpStatus"],"fullName":"Result contracts errorToHttpStatus maps VALIDATION to 400","status":"passed","title":"maps VALIDATION to 400","duration":0.1711999999999989,"failureMessages":[],"meta":{},"tags":[]},{"ancestorTitles":["Result contracts","errorToHttpStatus"],"fullName":"Result contracts errorToHttpStatus maps NOT_FOUND to 404","status":"passed","title":"maps NOT_FOUND to 404","duration":0.13239999999996144,"failureMessages":[],"meta":{},"tags":[]},{"ancestorTitles":["Result contracts","errorToHttpStatus"],"fullName":"Result contracts errorToHttpStatus maps CONFLICT to 409","status":"passed","title":"maps CONFLICT to 409","duration":0.1168999999999869,"failureMessages":[],"meta":{},"tags":[]},{"ancestorTitles":["Result contracts","errorToHttpStatus"],"fullName":"Result contracts errorToHttpStatus maps UNAUTHORIZED to 401","status":"passed","title":"maps UNAUTHORIZED to 401","duration":0.09090000000014697,"failureMessages":[],"meta":{},"tags":[]},{"ancestorTitles":["Result contracts","errorToHttpStatus"],"fullName":"Result contracts errorToHttpStatus maps FORBIDDEN to 403","status":"passed","title":"maps FORBIDDEN to 403","duration":0.07729999999992287,"failureMessages":[],"meta":{},"tags":[]},{"ancestorTitles":["Result contracts","errorToHttpStatus"],"fullName":"Result contracts errorToHttpStatus maps NETWORK to 502","status":"passed","title":"maps NETWORK to 502","duration":0.08339999999998327,"failureMessages":[],"meta":{},"tags":[]},{"ancestorTitles":["Result contracts","errorToHttpStatus"],"fullName":"Result contracts errorToHttpStatus maps TIMEOUT to 504","status":"passed","title":"maps TIMEOUT to 504","duration":0.11410000000000764,"failureMessages":[],"meta":{},"tags":[]},{"ancestorTitles":["Result contracts","errorToHttpStatus"],"fullName":"Result contracts errorToHttpStatus maps RATE_LIMIT to 429","status":"passed","title":"maps RATE_LIMIT to 429","duration":0.13650000000006912,"failureMessages":[],"meta":{},"tags":[]},{"ancestorTitles":["Result contracts","errorToHttpStatus"],"fullName":"Result contracts errorToHttpStatus maps DEPENDENCY_UNAVAILABLE to 503","status":"passed","title":"maps DEPENDENCY_UNAVAILABLE to 503","duration":0.10930000000007567,"failureMessages":[],"meta":{},"tags":[]},{"ancestorTitles":["Result contracts","errorToHttpStatus"],"fullName":"Result contracts errorToHttpStatus maps AI_UNAVAILABLE to 503","status":"passed","title":"maps AI_UNAVAILABLE to 503","duration":0.08680000000003929,"failureMessages":[],"meta":{},"tags":[]},{"ancestorTitles":["Result contracts","errorToHttpStatus"],"fullName":"Result contracts errorToHttpStatus maps AI_SAFETY_REJECTION to 422","status":"passed","title":"maps AI_SAFETY_REJECTION to 422","duration":0.07680000000004839,"failureMessages":[],"meta":{},"tags":[]},{"ancestorTitles":["Result contracts","errorToHttpStatus"],"fullName":"Result contracts errorToHttpStatus maps DATABASE to 500","status":"passed","title":"maps DATABASE to 500","duration":0.07670000000007349,"failureMessages":[],"meta":{},"tags":[]},{"ancestorTitles":["Result contracts","errorToHttpStatus"],"fullName":"Result contracts errorToHttpStatus maps INTERNAL to 500","status":"passed","title":"maps INTERNAL to 500","duration":0.07579999999984466,"failureMessages":[],"meta":{},"tags":[]},{"ancestorTitles":["Result contracts","errorToHttpStatus"],"fullName":"Result contracts errorToHttpStatus maps CANCELLED to 499","status":"passed","title":"maps CANCELLED to 499","duration":0.09229999999979555,"failureMessages":[],"meta":{},"tags":[]},{"ancestorTitles":["Result contracts","errorToHttpStatus"],"fullName":"Result contracts errorToHttpStatus maps STALE_VERSION to 409","status":"passed","title":"maps STALE_VERSION to 409","duration":0.12239999999997053,"failureMessages":[],"meta":{},"tags":[]},{"ancestorTitles":["Result contracts","errorToHttpStatus"],"fullName":"Result contracts errorToHttpStatus maps UNKNOWN to 500","status":"passed","title":"maps UNKNOWN to 500","duration":0.07130000000006476,"failureMessages":[],"meta":{},"tags":[]},{"ancestorTitles":["Result contracts","httpStatusToErrorCode"],"fullName":"Result contracts httpStatusToErrorCode maps 400 to VALIDATION","status":"passed","title":"maps 400 to VALIDATION","duration":0.12810000000013133,"failureMessages":[],"meta":{},"tags":[]},{"ancestorTitles":["Result contracts","httpStatusToErrorCode"],"fullName":"Result contracts httpStatusToErrorCode maps 401 to UNAUTHORIZED","status":"passed","title":"maps 401 to UNAUTHORIZED","duration":0.11200000000008004,"failureMessages":[],"meta":{},"tags":[]},{"ancestorTitles":["Result contracts","httpStatusToErrorCode"],"fullName":"Result contracts httpStatusToErrorCode maps 403 to FORBIDDEN","status":"passed","title":"maps 403 to FORBIDDEN","duration":0.08500000000003638,"failureMessages":[],"meta":{},"tags":[]},{"ancestorTitles":["Result contracts","httpStatusToErrorCode"],"fullName":"Result contracts httpStatusToErrorCode maps 404 to NOT_FOUND","status":"passed","title":"maps 404 to NOT_FOUND","duration":0.10739999999987049,"failureMessages":[],"meta":{},"tags":[]},{"ancestorTitles":["Result contracts","httpStatusToErrorCode"],"fullName":"Result contracts httpStatusToErrorCode maps 409 to CONFLICT","status":"passed","title":"maps 409 to CONFLICT","duration":0.07799999999997453,"failureMessages":[],"meta":{},"tags":[]},{"ancestorTitles":["Result contracts","httpStatusToErrorCode"],"fullName":"Result contracts httpStatusToErrorCode maps 422 to AI_SAFETY_REJECTION","status":"passed","title":"maps 422 to AI_SAFETY_REJECTION","duration":0.07339999999999236,"failureMessages":[],"meta":{},"tags":[]},{"ancestorTitles":["Result contracts","httpStatusToErrorCode"],"fullName":"Result contracts httpStatusToErrorCode maps 429 to RATE_LIMIT","status":"passed","title":"maps 429 to RATE_LIMIT","duration":0.07119999999986248,"failureMessages":[],"meta":{},"tags":[]},{"ancestorTitles":["Result contracts","httpStatusToErrorCode"],"fullName":"Result contracts httpStatusToErrorCode maps 499 to CANCELLED","status":"passed","title":"maps 499 to CANCELLED","duration":0.06770000000005894,"failureMessages":[],"meta":{},"tags":[]},{"ancestorTitles":["Result contracts","httpStatusToErrorCode"],"fullName":"Result contracts httpStatusToErrorCode maps 502 to NETWORK","status":"passed","title":"maps 502 to NETWORK","duration":0.08470000000011169,"failureMessages":[],"meta":{},"tags":[]},{"ancestorTitles":["Result contracts","httpStatusToErrorCode"],"fullName":"Result contracts httpStatusToErrorCode maps 503 to DEPENDENCY_UNAVAILABLE","status":"passed","title":"maps 503 to DEPENDENCY_UNAVAILABLE","duration":0.08130000000005566,"failureMessages":[],"meta":{},"tags":[]},{"ancestorTitles":["Result contracts","httpStatusToErrorCode"],"fullName":"Result contracts httpStatusToErrorCode maps 504 to TIMEOUT","status":"passed","title":"maps 504 to TIMEOUT","duration":0.07560000000012224,"failureMessages":[],"meta":{},"tags":[]},{"ancestorTitles":["Result contracts","httpStatusToErrorCode"],"fullName":"Result contracts httpStatusToErrorCode maps unknown status to INTERNAL","status":"passed","title":"maps unknown status to INTERNAL","duration":0.08170000000018263,"failureMessages":[],"meta":{},"tags":[]},{"ancestorTitles":["Result contracts","httpStatusToErrorCode"],"fullName":"Result contracts httpStatusToErrorCode maps 500 to INTERNAL","status":"passed","title":"maps 500 to INTERNAL","duration":0.06569999999987886,"failureMessages":[],"meta":{},"tags":[]},{"ancestorTitles":["Result contracts","httpStatusToErrorCode"],"fullName":"Result contracts httpStatusToErrorCode maps 300s to INTERNAL","status":"passed","title":"maps 300s to INTERNAL","duration":0.06560000000013133,"failureMessages":[],"meta":{},"tags":[]},{"ancestorTitles":["Result contracts","httpStatusToErrorCode"],"fullName":"Result contracts httpStatusToErrorCode maps 0 to INTERNAL","status":"passed","title":"maps 0 to INTERNAL","duration":0.06330000000002656,"failureMessages":[],"meta":{},"tags":[]},{"ancestorTitles":["Result contracts","round-trip: errorToHttpStatus <-> httpStatusToErrorCode"],"fullName":"Result contracts round-trip: errorToHttpStatus <-> httpStatusToErrorCode VALIDATION round-trips through HTTP status","status":"passed","title":"VALIDATION round-trips through HTTP status","duration":0.10120000000006257,"failureMessages":[],"meta":{},"tags":[]},{"ancestorTitles":["Result contracts","round-trip: errorToHttpStatus <-> httpStatusToErrorCode"],"fullName":"Result contracts round-trip: errorToHttpStatus <-> httpStatusToErrorCode NOT_FOUND round-trips through HTTP status","status":"passed","title":"NOT_FOUND round-trips through HTTP status","duration":0.0546999999999116,"failureMessages":[],"meta":{},"tags":[]},{"ancestorTitles":["Result contracts","round-trip: errorToHttpStatus <-> httpStatusToErrorCode"],"fullName":"Result contracts round-trip: errorToHttpStatus <-> httpStatusToErrorCode CONFLICT round-trips through HTTP status","status":"passed","title":"CONFLICT round-trips through HTTP status","duration":0.07769999999982247,"failureMessages":[],"meta":{},"tags":[]},{"ancestorTitles":["Result contracts","round-trip: errorToHttpStatus <-> httpStatusToErrorCode"],"fullName":"Result contracts round-trip: errorToHttpStatus <-> httpStatusToErrorCode UNAUTHORIZED round-trips through HTTP status","status":"passed","title":"UNAUTHORIZED round-trips through HTTP status","duration":0.07680000000004839,"failureMessages":[],"meta":{},"tags":[]},{"ancestorTitles":["Result contracts","round-trip: errorToHttpStatus <-> httpStatusToErrorCode"],"fullName":"Result contracts round-trip: errorToHttpStatus <-> httpStatusToErrorCode FORBIDDEN round-trips through HTTP status","status":"passed","title":"FORBIDDEN round-trips through HTTP status","duration":0.07510000000002037,"failureMessages":[],"meta":{},"tags":[]},{"ancestorTitles":["Result contracts","round-trip: errorToHttpStatus <-> httpStatusToErrorCode"],"fullName":"Result contracts round-trip: errorToHttpStatus <-> httpStatusToErrorCode NETWORK round-trips through HTTP status","status":"passed","title":"NETWORK round-trips through HTTP status","duration":0.06799999999998363,"failureMessages":[],"meta":{},"tags":[]},{"ancestorTitles":["Result contracts","round-trip: errorToHttpStatus <-> httpStatusToErrorCode"],"fullName":"Result contracts round-trip: errorToHttpStatus <-> httpStatusToErrorCode TIMEOUT round-trips through HTTP status","status":"passed","title":"TIMEOUT round-trips through HTTP status","duration":0.05520000000001346,"failureMessages":[],"meta":{},"tags":[]},{"ancestorTitles":["Result contracts","round-trip: errorToHttpStatus <-> httpStatusToErrorCode"],"fullName":"Result contracts round-trip: errorToHttpStatus <-> httpStatusToErrorCode RATE_LIMIT round-trips through HTTP status","status":"passed","title":"RATE_LIMIT round-trips through HTTP status","duration":0.05190000000015971,"failureMessages":[],"meta":{},"tags":[]},{"ancestorTitles":["Result contracts","round-trip: errorToHttpStatus <-> httpStatusToErrorCode"],"fullName":"Result contracts round-trip: errorToHttpStatus <-> httpStatusToErrorCode DEPENDENCY_UNAVAILABLE round-trips through HTTP status","status":"passed","title":"DEPENDENCY_UNAVAILABLE round-trips through HTTP status","duration":0.06420000000002801,"failureMessages":[],"meta":{},"tags":[]},{"ancestorTitles":["Result contracts","round-trip: errorToHttpStatus <-> httpStatusToErrorCode"],"fullName":"Result contracts round-trip: errorToHttpStatus <-> httpStatusToErrorCode AI_SAFETY_REJECTION round-trips through HTTP status","status":"passed","title":"AI_SAFETY_REJECTION round-trips through HTTP status","duration":0.06340000000000146,"failureMessages":[],"meta":{},"tags":[]},{"ancestorTitles":["Result contracts","round-trip: errorToHttpStatus <-> httpStatusToErrorCode"],"fullName":"Result contracts round-trip: errorToHttpStatus <-> httpStatusToErrorCode CANCELLED round-trips through HTTP status","status":"passed","title":"CANCELLED round-trips through HTTP status","duration":0.070699999999988,"failureMessages":[],"meta":{},"tags":[]},{"ancestorTitles":["Result contracts","result usage patterns"],"fullName":"Result contracts result usage patterns exhaustive switch on result type","status":"passed","title":"exhaustive switch on result type","duration":0.2139999999999418,"failureMessages":[],"meta":{},"tags":[]},{"ancestorTitles":["Result contracts","result usage patterns"],"fullName":"Result contracts result usage patterns can compose results","status":"passed","title":"can compose results","duration":0.24679999999989377,"failureMessages":[],"meta":{},"tags":[]},{"ancestorTitles":["Result contracts","result usage patterns"],"fullName":"Result contracts result usage patterns can chain results with map-like pattern","status":"passed","title":"can chain results with map-like pattern","duration":0.1869000000001506,"failureMessages":[],"meta":{},"tags":[]},{"ancestorTitles":["Result contracts","result usage patterns"],"fullName":"Result contracts result usage patterns can nest results (Result<Result<T>>)","status":"passed","title":"can nest results (Result<Result<T>>)","duration":0.15610000000015134,"failureMessages":[],"meta":{},"tags":[]},{"ancestorTitles":["Result contracts","result usage patterns"],"fullName":"Result contracts result usage patterns error carries validation issues for form validation","status":"passed","title":"error carries validation issues for form validation","duration":0.29729999999995016,"failureMessages":[],"meta":{},"tags":[]},{"ancestorTitles":["Result contracts","result usage patterns"],"fullName":"Result contracts result usage patterns error with correlationId for distributed tracing","status":"passed","title":"error with correlationId for distributed tracing","duration":0.1149000000000342,"failureMessages":[],"meta":{},"tags":[]}],"startTime":1784156338754,"endTime":1784156338767.2974,"status":"passed","message":"","name":"C:/Users/borah/CareDroid-Clinical-AI/src/contracts/results.test.ts"},{"assertionResults":[{"ancestorTitles":["EMS handoff permission contract"],"fullName":"EMS handoff permission contract allows charge_nurse to complete EMS handoff","status":"passed","title":"allows charge_nurse to complete EMS handoff","duration":1.2695000000003347,"failureMessages":[],"meta":{},"tags":[]},{"ancestorTitles":["EMS handoff permission contract"],"fullName":"EMS handoff permission contract does not enable physician for completeEmsHandoff","status":"passed","title":"does not enable physician for completeEmsHandoff","duration":0.20280000000002474,"failureMessages":[],"meta":{},"tags":[]},{"ancestorTitles":["EMS handoff permission contract"],"fullName":"EMS handoff permission contract does not enable public_display for completeEmsHandoff","status":"passed","title":"does not enable public_display for completeEmsHandoff","duration":0.16560000000026776,"failureMessages":[],"meta":{},"tags":[]}],"startTime":1784156342756,"endTime":1784156342758.203,"status":"passed","message":"","name":"C:/Users/borah/CareDroid-Clinical-AI/src/config/emsHandoffPermission.contract.test.ts"},{"assertionResults":[{"ancestorTitles":["CareDroid store shim"],"fullName":"CareDroid store shim re-exports the canonical CareDroid store","status":"passed","title":"re-exports the canonical CareDroid store","duration":1.2280999999993583,"failureMessages":[],"meta":{},"tags":[]},{"ancestorTitles":["CareDroid store shim"],"fullName":"CareDroid store shim creates a canonical reset snapshot with merged frontend store fields","status":"passed","title":"creates a canonical reset snapshot with merged frontend store fields","duration":0.8917000000001281,"failureMessages":[],"meta":{},"tags":[]},{"ancestorTitles":["CareDroid store shim"],"fullName":"CareDroid store shim stores configurable operational thresholds and resets to defaults","status":"passed","title":"stores configurable operational thresholds and resets to defaults","duration":1.576799999999821,"failureMessages":[],"meta":{},"tags":[]},{"ancestorTitles":["CareDroid store shim"],"fullName":"CareDroid store shim routes realtime central node snapshots through canonical CareDroid state","status":"passed","title":"routes realtime central node snapshots through canonical CareDroid state","duration":4.170500000000175,"failureMessages":[],"meta":{},"tags":[]},{"ancestorTitles":["CareDroid store shim"],"fullName":"CareDroid store shim routes whiteboard_snapshot events through canonical patient state","status":"passed","title":"routes whiteboard_snapshot events through canonical patient state","duration":2.323699999999917,"failureMessages":[],"meta":{},"tags":[]},{"ancestorTitles":["CareDroid store shim"],"fullName":"CareDroid store shim hydrates single-record realtime patient, referral, and settings events","status":"passed","title":"hydrates single-record realtime patient, referral, and settings events","duration":2.668499999999767,"failureMessages":[],"meta":{},"tags":[]},{"ancestorTitles":["CareDroid store shim"],"fullName":"CareDroid store shim handles intake_handoff_complete websocket by selecting patient and triage queue filter","status":"passed","title":"handles intake_handoff_complete websocket by selecting patient and triage queue filter","duration":10.569800000000214,"failureMessages":[],"meta":{},"tags":[]}],"startTime":1784156341783,"endTime":1784156341806.5698,"status":"passed","message":"","name":"C:/Users/borah/CareDroid-Clinical-AI/src/store/emergency-store.test.ts"},{"assertionResults":[{"ancestorTitles":["dashboard visualization bundle contract"],"fullName":"dashboard visualization bundle contract DashboardVisualizations.tsx does not import recharts","status":"passed","title":"DashboardVisualizations.tsx does not import recharts","duration":1.2645000000002256,"failureMessages":[],"meta":{},"tags":[]},{"ancestorTitles":["dashboard visualization bundle contract"],"fullName":"dashboard visualization bundle contract DashboardCharts.tsx owns the recharts dependency","status":"passed","title":"DashboardCharts.tsx owns the recharts dependency","duration":0.4337999999997919,"failureMessages":[],"meta":{},"tags":[]}],"startTime":1784156343587,"endTime":1784156343588.4338,"status":"passed","message":"","name":"C:/Users/borah/CareDroid-Clinical-AI/src/components/dashboard/dashboardBundleContract.test.ts"}]}