{"numTotalTestSuites":45,"numPassedTestSuites":45,"numFailedTestSuites":0,"numPendingTestSuites":0,"numTotalTests":100,"numPassedTests":100,"numFailedTests":0,"numPendingTests":0,"numTodoTests":0,"snapshot":{"added":0,"failure":false,"filesAdded":0,"filesRemoved":0,"filesRemovedList":[],"filesUnmatched":0,"filesUpdated":0,"matched":0,"total":0,"unchecked":0,"uncheckedKeysByFile":[],"unmatched":0,"updated":0,"didUpdate":false},"startTime":1784159627003,"success":true,"testResults":[{"assertionResults":[{"ancestorTitles":["accountableAi contract"],"fullName":"accountableAi contract builds an ok recommendation with evidence and model metadata","status":"passed","title":"builds an ok recommendation with evidence and model metadata","duration":3.8523000000022876,"failureMessages":[],"meta":{},"tags":[]},{"ancestorTitles":["accountableAi contract"],"fullName":"accountableAi contract forces human review and null confidence on abstain","status":"passed","title":"forces human review and null confidence on abstain","duration":0.6875,"failureMessages":[],"meta":{},"tags":[]},{"ancestorTitles":["accountableAi contract"],"fullName":"accountableAi contract createAiUnavailableAbstention never fabricates clinical content as ok","status":"passed","title":"createAiUnavailableAbstention never fabricates clinical content as ok","duration":1.174300000002404,"failureMessages":[],"meta":{},"tags":[]},{"ancestorTitles":["accountableAi contract"],"fullName":"accountableAi contract clamps confidence to 0..1","status":"passed","title":"clamps confidence to 0..1","duration":0.3091999999996915,"failureMessages":[],"meta":{},"tags":[]}],"startTime":1784159658906,"endTime":1784159658912.309,"status":"passed","message":"","name":"C:/Users/borah/CareDroid-Clinical-AI/src/contracts/accountableAi.test.ts"},{"assertionResults":[{"ancestorTitles":["AppShell reception density"],"fullName":"AppShell reception density marks Medical Light theme and density on the shell root","status":"passed","title":"marks Medical Light theme and density on the shell root","duration":2.4086000000024796,"failureMessages":[],"meta":{},"tags":[]},{"ancestorTitles":["AppShell reception density"],"fullName":"AppShell reception density suppresses journey and session bars for simple-fast (reception) density","status":"passed","title":"suppresses journey and session bars for simple-fast (reception) density","duration":0.5450000000055297,"failureMessages":[],"meta":{},"tags":[]},{"ancestorTitles":["AppShell reception density"],"fullName":"AppShell reception density uses Medical Light page surface tokens in shell CSS","status":"passed","title":"uses Medical Light page surface tokens in shell CSS","duration":0.5385999999998603,"failureMessages":[],"meta":{},"tags":[]}],"startTime":1784159665105,"endTime":1784159665108.5386,"status":"passed","message":"","name":"C:/Users/borah/CareDroid-Clinical-AI/src/components/AppShell.receptionDensity.test.tsx"},{"assertionResults":[{"ancestorTitles":["StateSourceNotice"],"fullName":"StateSourceNotice renders visible demo, backend-unavailable, and unsupported labels","status":"passed","title":"renders visible demo, backend-unavailable, and unsupported labels","duration":272.75959999999986,"failureMessages":[],"meta":{},"tags":[]},{"ancestorTitles":["StateSourceNotice"],"fullName":"StateSourceNotice renders session-engine source honesty from shell catalog","status":"passed","title":"renders session-engine source honesty from shell catalog","duration":52.64980000000014,"failureMessages":[],"meta":{},"tags":[]}],"startTime":1784159630212,"endTime":1784159630536.65,"status":"passed","message":"","name":"C:/Users/borah/CareDroid-Clinical-AI/src/components/StateSourceNotice.test.tsx"},{"assertionResults":[{"ancestorTitles":["Charge nurse characterization"],"fullName":"Charge nurse characterization owns flow: capacity, boarding, workload, EMS handoff, acuity","status":"passed","title":"owns flow: capacity, boarding, workload, EMS handoff, acuity","duration":3.719199999999546,"failureMessages":[],"meta":{},"tags":[]},{"ancestorTitles":["Charge nurse characterization"],"fullName":"Charge nurse characterization cannot manage system settings","status":"passed","title":"cannot manage system settings","duration":1.0333000000009633,"failureMessages":[],"meta":{},"tags":[]},{"ancestorTitles":["Charge nurse characterization"],"fullName":"Charge nurse characterization presents EMS handoff complete as enabled","status":"passed","title":"presents EMS handoff complete as enabled","duration":1.2561000000005151,"failureMessages":[],"meta":{},"tags":[]},{"ancestorTitles":["Charge nurse characterization"],"fullName":"Charge nurse characterization Nest map is nurse container with PHI write and ops visibility","status":"passed","title":"Nest map is nurse container with PHI write and ops visibility","duration":3.508300000001327,"failureMessages":[],"meta":{},"tags":[]},{"ancestorTitles":["Physician characterization"],"fullName":"Physician characterization owns clinical disposition path: discharge, escalate, notes, referrals","status":"passed","title":"owns clinical disposition path: discharge, escalate, notes, referrals","duration":0.6411000000007334,"failureMessages":[],"meta":{},"tags":[]},{"ancestorTitles":["Physician characterization"],"fullName":"Physician characterization does not own EMS handoff complete or settings","status":"passed","title":"does not own EMS handoff complete or settings","duration":0.6631000000015774,"failureMessages":[],"meta":{},"tags":[]},{"ancestorTitles":["Physician characterization"],"fullName":"Physician characterization presents discharge as enabled; EMS handoff as not fully enabled","status":"passed","title":"presents discharge as enabled; EMS handoff as not fully enabled","duration":0.582300000000032,"failureMessages":[],"meta":{},"tags":[]},{"ancestorTitles":["Physician characterization"],"fullName":"Physician characterization Nest map is physician with export PHI and no CONFIGURE_SYSTEM","status":"passed","title":"Nest map is physician with export PHI and no CONFIGURE_SYSTEM","duration":1.0990999999994528,"failureMessages":[],"meta":{},"tags":[]},{"ancestorTitles":["EMS role cluster characterization"],"fullName":"EMS role cluster characterization ems_user can convert and complete handoff; no analytics/settings","status":"passed","title":"ems_user can convert and complete handoff; no analytics/settings","duration":0.5482000000010885,"failureMessages":[],"meta":{},"tags":[]},{"ancestorTitles":["EMS role cluster characterization"],"fullName":"EMS role cluster characterization dispatcher prepares bay but does not complete handoff by default","status":"passed","title":"dispatcher prepares bay but does not complete handoff by default","duration":0.7152999999998428,"failureMessages":[],"meta":{},"tags":[]},{"ancestorTitles":["EMS role cluster characterization"],"fullName":"EMS role cluster characterization ems_coordinator has handoff + analytics + command screen, not settings","status":"passed","title":"ems_coordinator has handoff + analytics + command screen, not settings","duration":0.48439999999936845,"failureMessages":[],"meta":{},"tags":[]},{"ancestorTitles":["EMS role cluster characterization"],"fullName":"EMS role cluster characterization public_display has no EMS clinical actions","status":"passed","title":"public_display has no EMS clinical actions","duration":0.29900000000088767,"failureMessages":[],"meta":{},"tags":[]},{"ancestorTitles":["EMS role cluster characterization"],"fullName":"EMS role cluster characterization Nest maps EMS roles without CONFIGURE_SYSTEM","status":"passed","title":"Nest maps EMS roles without CONFIGURE_SYSTEM","duration":0.6023999999997613,"failureMessages":[],"meta":{},"tags":[]}],"startTime":1784159642405,"endTime":1784159642421.6023,"status":"passed","message":"","name":"C:/Users/borah/CareDroid-Clinical-AI/src/config/clinicalRolesCharacterization.test.ts"},{"assertionResults":[{"ancestorTitles":["Read-only viewer characterization"],"fullName":"Read-only viewer characterization can view analytics and boards only","status":"passed","title":"can view analytics and boards only","duration":3.139899999998306,"failureMessages":[],"meta":{},"tags":[]},{"ancestorTitles":["Read-only viewer characterization"],"fullName":"Read-only viewer characterization cannot perform any clinical mutations","status":"passed","title":"cannot perform any clinical mutations","duration":3.2651000000005297,"failureMessages":[],"meta":{},"tags":[]},{"ancestorTitles":["Read-only viewer characterization"],"fullName":"Read-only viewer characterization Nest map is student container without PHI write","status":"passed","title":"Nest map is student container without PHI write","duration":2.245100000000093,"failureMessages":[],"meta":{},"tags":[]},{"ancestorTitles":["Public display characterization"],"fullName":"Public display characterization only holds public waitboard publish/display permissions","status":"passed","title":"only holds public waitboard publish/display permissions","duration":0.9570999999996275,"failureMessages":[],"meta":{},"tags":[]},{"ancestorTitles":["Public display characterization"],"fullName":"Public display characterization blocks patient create presentation","status":"passed","title":"blocks patient create presentation","duration":0.7114999999976135,"failureMessages":[],"meta":{},"tags":[]},{"ancestorTitles":["Public display characterization"],"fullName":"Public display characterization Nest map has zero permissions (no PHI)","status":"passed","title":"Nest map has zero permissions (no PHI)","duration":0.46310000000084983,"failureMessages":[],"meta":{},"tags":[]},{"ancestorTitles":["Public display characterization"],"fullName":"Public display characterization cannot mutate via canPerformEmergencyMutation for clinical keys","status":"passed","title":"cannot mutate via canPerformEmergencyMutation for clinical keys","duration":0.8538000000007742,"failureMessages":[],"meta":{},"tags":[]}],"startTime":1784159644711,"endTime":1784159644723.8538,"status":"passed","message":"","name":"C:/Users/borah/CareDroid-Clinical-AI/src/config/displayRolesCharacterization.test.ts"},{"assertionResults":[{"ancestorTitles":["ED Manager characterization"],"fullName":"ED Manager characterization owns ops analytics, capacity, simulation, settings — not bedside vitals","status":"passed","title":"owns ops analytics, capacity, simulation, settings — not bedside vitals","duration":2.66899999999805,"failureMessages":[],"meta":{},"tags":[]},{"ancestorTitles":["ED Manager characterization"],"fullName":"ED Manager characterization Nest map is admin container without DELETE_PHI requirement for ops role","status":"passed","title":"Nest map is admin container without DELETE_PHI requirement for ops role","duration":0.9474000000009255,"failureMessages":[],"meta":{},"tags":[]}],"startTime":1784159653300,"endTime":1784159653303.9475,"status":"passed","message":"","name":"C:/Users/borah/CareDroid-Clinical-AI/src/config/edManagerCharacterization.test.ts"},{"assertionResults":[{"ancestorTitles":["emergencyNestPermissionMap"],"fullName":"emergencyNestPermissionMap maps every ROLE_PERMISSION_GRANTS emergency role","status":"passed","title":"maps every ROLE_PERMISSION_GRANTS emergency role","duration":2.1810999999979686,"failureMessages":[],"meta":{},"tags":[]},{"ancestorTitles":["emergencyNestPermissionMap"],"fullName":"emergencyNestPermissionMap uses Nest container roles only from the four UserRole values","status":"passed","title":"uses Nest container roles only from the four UserRole values","duration":0.4673000000002503,"failureMessages":[],"meta":{},"tags":[]},{"ancestorTitles":["emergencyNestPermissionMap"],"fullName":"emergencyNestPermissionMap Reception registration_clerk gets PHI read/write and AI chat, not system config","status":"passed","title":"Reception registration_clerk gets PHI read/write and AI chat, not system config","duration":1.7389000000002852,"failureMessages":[],"meta":{},"tags":[]},{"ancestorTitles":["emergencyNestPermissionMap"],"fullName":"emergencyNestPermissionMap public_display holds zero Nest PHI permissions","status":"passed","title":"public_display holds zero Nest PHI permissions","duration":0.5958999999966181,"failureMessages":[],"meta":{},"tags":[]},{"ancestorTitles":["emergencyNestPermissionMap"],"fullName":"emergencyNestPermissionMap it_admin maps without PHI read/write","status":"passed","title":"it_admin maps without PHI read/write","duration":0.3760999999976775,"failureMessages":[],"meta":{},"tags":[]},{"ancestorTitles":["emergencyNestPermissionMap"],"fullName":"emergencyNestPermissionMap registration_clerk Nest set satisfies intake actions and not settings","status":"passed","title":"registration_clerk Nest set satisfies intake actions and not settings","duration":0.26559999999881256,"failureMessages":[],"meta":{},"tags":[]},{"ancestorTitles":["emergencyNestPermissionMap"],"fullName":"emergencyNestPermissionMap public_display does not satisfy PHI write actions","status":"passed","title":"public_display does not satisfy PHI write actions","duration":0.11180000000240398,"failureMessages":[],"meta":{},"tags":[]},{"ancestorTitles":["emergencyNestPermissionMap"],"fullName":"emergencyNestPermissionMap physician Nest set includes export PHI; registration_clerk does not","status":"passed","title":"physician Nest set includes export PHI; registration_clerk does not","duration":0.15910000000076252,"failureMessages":[],"meta":{},"tags":[]}],"startTime":1784159654852,"endTime":1784159654858.1592,"status":"passed","message":"","name":"C:/Users/borah/CareDroid-Clinical-AI/src/config/emergencyNestPermissionMap.test.ts"},{"assertionResults":[{"ancestorTitles":["EMS handoff permission contract"],"fullName":"EMS handoff permission contract allows charge_nurse to complete EMS handoff","status":"passed","title":"allows charge_nurse to complete EMS handoff","duration":2.830499999996391,"failureMessages":[],"meta":{},"tags":[]},{"ancestorTitles":["EMS handoff permission contract"],"fullName":"EMS handoff permission contract does not enable physician for completeEmsHandoff","status":"passed","title":"does not enable physician for completeEmsHandoff","duration":0.632499999999709,"failureMessages":[],"meta":{},"tags":[]},{"ancestorTitles":["EMS handoff permission contract"],"fullName":"EMS handoff permission contract does not enable public_display for completeEmsHandoff","status":"passed","title":"does not enable public_display for completeEmsHandoff","duration":0.917700000005425,"failureMessages":[],"meta":{},"tags":[]}],"startTime":1784159672299,"endTime":1784159672303.9177,"status":"passed","message":"","name":"C:/Users/borah/CareDroid-Clinical-AI/src/config/emsHandoffPermission.contract.test.ts"},{"assertionResults":[{"ancestorTitles":["it_admin permission contract"],"fullName":"it_admin permission contract is present in EMERGENCY_ROLE_ID and ROLE_PERMISSION_GRANTS","status":"passed","title":"is present in EMERGENCY_ROLE_ID and ROLE_PERMISSION_GRANTS","duration":3.907500000001164,"failureMessages":[],"meta":{},"tags":[]},{"ancestorTitles":["it_admin permission contract"],"fullName":"it_admin permission contract can manage settings but cannot create patients or write PHI actions","status":"passed","title":"can manage settings but cannot create patients or write PHI actions","duration":1.4033999999955995,"failureMessages":[],"meta":{},"tags":[]},{"ancestorTitles":["it_admin permission contract"],"fullName":"it_admin permission contract Nest mapping has CONFIGURE_SYSTEM without READ/WRITE PHI","status":"passed","title":"Nest mapping has CONFIGURE_SYSTEM without READ/WRITE PHI","duration":2.2010000000009313,"failureMessages":[],"meta":{},"tags":[]}],"startTime":1784159663186,"endTime":1784159663194.201,"status":"passed","message":"","name":"C:/Users/borah/CareDroid-Clinical-AI/src/config/itAdminPermission.contract.test.ts"},{"assertionResults":[{"ancestorTitles":["shellEngineCatalog"],"fullName":"shellEngineCatalog classifies every AppShell-started engine id","status":"passed","title":"classifies every AppShell-started engine id","duration":5.235199999999168,"failureMessages":[],"meta":{},"tags":[]},{"ancestorTitles":["shellEngineCatalog"],"fullName":"shellEngineCatalog marks experimental engines so prod can gate them","status":"passed","title":"marks experimental engines so prod can gate them","duration":0.36270000000149594,"failureMessages":[],"meta":{},"tags":[]},{"ancestorTitles":["shellEngineCatalog"],"fullName":"shellEngineCatalog labels reassessment and capacity as authoritative but session-local","status":"passed","title":"labels reassessment and capacity as authoritative but session-local","duration":0.4372000000003027,"failureMessages":[],"meta":{},"tags":[]},{"ancestorTitles":["shellEngineCatalog"],"fullName":"shellEngineCatalog does not claim durable durability without backend proof","status":"passed","title":"does not claim durable durability without backend proof","duration":0.26969999999710126,"failureMessages":[],"meta":{},"tags":[]},{"ancestorTitles":["shellEngineCatalog"],"fullName":"shellEngineCatalog defaults experimental engines OFF in production","status":"passed","title":"defaults experimental engines OFF in production","duration":0.32910000000265427,"failureMessages":[],"meta":{},"tags":[]},{"ancestorTitles":["shellEngineCatalog"],"fullName":"shellEngineCatalog shouldStartShellEngine gates experimental engines and honors capability flags","status":"passed","title":"shouldStartShellEngine gates experimental engines and honors capability flags","duration":0.2875999999996566,"failureMessages":[],"meta":{},"tags":[]}],"startTime":1784159648810,"endTime":1784159648817.329,"status":"passed","message":"","name":"C:/Users/borah/CareDroid-Clinical-AI/src/config/shellEngineCatalog.test.ts"},{"assertionResults":[{"ancestorTitles":["Triage role characterization (Stage I)"],"fullName":"Triage role characterization (Stage I) grants core triage clinical actions","status":"passed","title":"grants core triage clinical actions","duration":2.885600000001432,"failureMessages":[],"meta":{},"tags":[]},{"ancestorTitles":["Triage role characterization (Stage I)"],"fullName":"Triage role characterization (Stage I) does not grant settings or full discharge as primary triage duty (settings)","status":"passed","title":"does not grant settings or full discharge as primary triage duty (settings)","duration":1.7517000000007101,"failureMessages":[],"meta":{},"tags":[]},{"ancestorTitles":["Triage role characterization (Stage I)"],"fullName":"Triage role characterization (Stage I) presents triage assign acuity as enabled for triage_nurse","status":"passed","title":"presents triage assign acuity as enabled for triage_nurse","duration":0.6783999999970547,"failureMessages":[],"meta":{},"tags":[]},{"ancestorTitles":["Triage role characterization (Stage I)"],"fullName":"Triage role characterization (Stage I) blocks public_display from triage acuity","status":"passed","title":"blocks public_display from triage acuity","duration":0.22919999999794527,"failureMessages":[],"meta":{},"tags":[]},{"ancestorTitles":["Triage role characterization (Stage I)"],"fullName":"Triage role characterization (Stage I) Nest map gives triage_nurse PHI write without system config","status":"passed","title":"Nest map gives triage_nurse PHI write without system config","duration":0.8516000000017812,"failureMessages":[],"meta":{},"tags":[]},{"ancestorTitles":["Triage role characterization (Stage I)"],"fullName":"Triage role characterization (Stage I) keeps triage screen widget/action vocabulary stable","status":"passed","title":"keeps triage screen widget/action vocabulary stable","duration":0.20449999999982538,"failureMessages":[],"meta":{},"tags":[]},{"ancestorTitles":["Triage role characterization (Stage I)"],"fullName":"Triage role characterization (Stage I) queue movement registry documents pretriage → waiting handoff path","status":"passed","title":"queue movement registry documents pretriage → waiting handoff path","duration":0.2881999999990512,"failureMessages":[],"meta":{},"tags":[]},{"ancestorTitles":["Triage role characterization (Stage I)"],"fullName":"Triage role characterization (Stage I) maps reassessment route permission for triage workflow continuity","status":"passed","title":"maps reassessment route permission for triage workflow continuity","duration":0.10410000000047148,"failureMessages":[],"meta":{},"tags":[]}],"startTime":1784159651973,"endTime":1784159651980.288,"status":"passed","message":"","name":"C:/Users/borah/CareDroid-Clinical-AI/src/config/triageRoleCharacterization.test.ts"},{"assertionResults":[{"ancestorTitles":["emergencyStore KPI consistency"],"fullName":"emergencyStore KPI consistency patients array is the authoritative patient count source","status":"passed","title":"patients array is the authoritative patient count source","duration":3.839699999998629,"failureMessages":[],"meta":{},"tags":[]},{"ancestorTitles":["emergencyStore KPI consistency"],"fullName":"emergencyStore KPI consistency capacity score is numeric and capacity metrics stay aligned to capacity object","status":"passed","title":"capacity score is numeric and capacity metrics stay aligned to capacity object","duration":0.8150000000005093,"failureMessages":[],"meta":{},"tags":[]},{"ancestorTitles":["emergencyStore KPI consistency"],"fullName":"emergencyStore KPI consistency EMS arrival lists do not invent phantom patient links without ids","status":"passed","title":"EMS arrival lists do not invent phantom patient links without ids","duration":0.5877000000000407,"failureMessages":[],"meta":{},"tags":[]},{"ancestorTitles":["emergencyStore KPI consistency"],"fullName":"emergencyStore KPI consistency triage/waiting slices are subsets of patients (no counter inflation)","status":"passed","title":"triage/waiting slices are subsets of patients (no counter inflation)","duration":0.836700000001656,"failureMessages":[],"meta":{},"tags":[]},{"ancestorTitles":["emergencyStore KPI consistency"],"fullName":"emergencyStore KPI consistency websocket status is explicit (not presented as live when offline without label)","status":"passed","title":"websocket status is explicit (not presented as live when offline without label)","duration":0.4521999999997206,"failureMessages":[],"meta":{},"tags":[]},{"ancestorTitles":["emergencyStore KPI consistency"],"fullName":"emergencyStore KPI consistency capacity websocket updates keep capacity.score aligned with capacityMetrics.score","status":"passed","title":"capacity websocket updates keep capacity.score aligned with capacityMetrics.score","duration":2.2801000000017666,"failureMessages":[],"meta":{},"tags":[]}],"startTime":1784159640004,"endTime":1784159640013.28,"status":"passed","message":"","name":"C:/Users/borah/CareDroid-Clinical-AI/src/store/emergencyStore.kpiConsistency.characterization.test.ts"},{"assertionResults":[{"ancestorTitles":["Medical Light theme contract"],"fullName":"Medical Light theme contract is imported from the canonical design-system entry","status":"passed","title":"is imported from the canonical design-system entry","duration":2.2163999999975204,"failureMessages":[],"meta":{},"tags":[]},{"ancestorTitles":["Medical Light theme contract"],"fullName":"Medical Light theme contract defines AI purple as a labelled assistant accent","status":"passed","title":"defines AI purple as a labelled assistant accent","duration":0.5135000000009313,"failureMessages":[],"meta":{},"tags":[]},{"ancestorTitles":["Medical Light theme contract"],"fullName":"Medical Light theme contract defines semantic amber and red clinical states","status":"passed","title":"defines semantic amber and red clinical states","duration":0.47330000000511063,"failureMessages":[],"meta":{},"tags":[]},{"ancestorTitles":["Medical Light theme contract"],"fullName":"Medical Light theme contract preserves focus rings (never removes focus)","status":"passed","title":"preserves focus rings (never removes focus)","duration":1.1790000000037253,"failureMessages":[],"meta":{},"tags":[]},{"ancestorTitles":["Medical Light theme contract"],"fullName":"Medical Light theme contract includes ultrawide readable measure guardrails","status":"passed","title":"includes ultrawide readable measure guardrails","duration":0.8485000000000582,"failureMessages":[],"meta":{},"tags":[]}],"startTime":1784159670406,"endTime":1784159670410.8484,"status":"passed","message":"","name":"C:/Users/borah/CareDroid-Clinical-AI/src/styles/medicalLightTheme.test.ts"},{"assertionResults":[{"ancestorTitles":["aiFailureAbstention"],"fullName":"aiFailureAbstention converts provider outage into abstain recommendation","status":"passed","title":"converts provider outage into abstain recommendation","duration":1.3394000000007509,"failureMessages":[],"meta":{},"tags":[]},{"ancestorTitles":["aiFailureAbstention"],"fullName":"aiFailureAbstention never marks network failure as ok assist","status":"passed","title":"never marks network failure as ok assist","duration":0.685300000001007,"failureMessages":[],"meta":{},"tags":[]}],"startTime":1784159656938,"endTime":1784159656939.6853,"status":"passed","message":"","name":"C:/Users/borah/CareDroid-Clinical-AI/src/services/aiFailureAbstention.test.ts"},{"assertionResults":[{"ancestorTitles":["apiErrorHandling Stage C taxonomy"],"fullName":"apiErrorHandling Stage C taxonomy sanitizeApiError extracts status and message","status":"passed","title":"sanitizeApiError extracts status and message","duration":2.814700000002631,"failureMessages":[],"meta":{},"tags":[]},{"ancestorTitles":["apiErrorHandling Stage C taxonomy"],"fullName":"apiErrorHandling Stage C taxonomy maps HTTP 403 to FORBIDDEN ResultError","status":"passed","title":"maps HTTP 403 to FORBIDDEN ResultError","duration":0.6961999999984982,"failureMessages":[],"meta":{},"tags":[]},{"ancestorTitles":["apiErrorHandling Stage C taxonomy"],"fullName":"apiErrorHandling Stage C taxonomy maps network/zero status to NETWORK retryable","status":"passed","title":"maps network/zero status to NETWORK retryable","duration":0.2378000000026077,"failureMessages":[],"meta":{},"tags":[]},{"ancestorTitles":["apiErrorHandling Stage C taxonomy"],"fullName":"apiErrorHandling Stage C taxonomy maps 503 to DEPENDENCY_UNAVAILABLE","status":"passed","title":"maps 503 to DEPENDENCY_UNAVAILABLE","duration":0.15860000000247965,"failureMessages":[],"meta":{},"tags":[]}],"startTime":1784159668287,"endTime":1784159668291.2378,"status":"passed","message":"","name":"C:/Users/borah/CareDroid-Clinical-AI/src/services/apiErrorHandling.test.ts"},{"assertionResults":[{"ancestorTitles":["ocrFieldValidation"],"fullName":"ocrFieldValidation rejects pending OCR fields as non-authoritative","status":"passed","title":"rejects pending OCR fields as non-authoritative","duration":1.2731000000021595,"failureMessages":[],"meta":{},"tags":[]},{"ancestorTitles":["ocrFieldValidation"],"fullName":"ocrFieldValidation accepts human-accepted high-confidence fields","status":"passed","title":"accepts human-accepted high-confidence fields","duration":0.2782000000006519,"failureMessages":[],"meta":{},"tags":[]},{"ancestorTitles":["ocrFieldValidation"],"fullName":"ocrFieldValidation does not write demographics from unvalidated OCR","status":"passed","title":"does not write demographics from unvalidated OCR","duration":0.4192000000002736,"failureMessages":[],"meta":{},"tags":[]},{"ancestorTitles":["ocrFieldValidation"],"fullName":"ocrFieldValidation builds demographics only from accepted/edited identity fields","status":"passed","title":"builds demographics only from accepted/edited identity fields","duration":0.33039999999891734,"failureMessages":[],"meta":{},"tags":[]},{"ancestorTitles":["ocrFieldValidation"],"fullName":"ocrFieldValidation blocks apply when identity fields are not validated","status":"passed","title":"blocks apply when identity fields are not validated","duration":0.9799999999995634,"failureMessages":[],"meta":{},"tags":[]}],"startTime":1784159650248,"endTime":1784159650250.98,"status":"passed","message":"","name":"C:/Users/borah/CareDroid-Clinical-AI/src/services/ocrFieldValidation.test.ts"},{"assertionResults":[{"ancestorTitles":["Reception characterization — URL & intake contracts"],"fullName":"Reception characterization — URL & intake contracts documents the reception pipeline URL contract keys used by deep links","status":"passed","title":"documents the reception pipeline URL contract keys used by deep links","duration":3.236399999997957,"failureMessages":[],"meta":{},"tags":[]},{"ancestorTitles":["Reception characterization — URL & intake contracts"],"fullName":"Reception characterization — URL & intake contracts keeps intake URL keys stable for session reconstruction","status":"passed","title":"keeps intake URL keys stable for session reconstruction","duration":1.3744000000006054,"failureMessages":[],"meta":{},"tags":[]},{"ancestorTitles":["Reception characterization — URL & intake contracts"],"fullName":"Reception characterization — URL & intake contracts builds reception intake session defaults with autostart on","status":"passed","title":"builds reception intake session defaults with autostart on","duration":0.5874000000003434,"failureMessages":[],"meta":{},"tags":[]},{"ancestorTitles":["Reception characterization — URL & intake contracts"],"fullName":"Reception characterization — URL & intake contracts passes through explicit intake session options without inventing patient ids","status":"passed","title":"passes through explicit intake session options without inventing patient ids","duration":0.40970000000015716,"failureMessages":[],"meta":{},"tags":[]},{"ancestorTitles":["Reception characterization — EMS convert chain"],"fullName":"Reception characterization — EMS convert chain returns NOT_FOUND Result when arrival id is missing from store (no silent success)","status":"passed","title":"returns NOT_FOUND Result when arrival id is missing from store (no silent success)","duration":0.4943999999995867,"failureMessages":[],"meta":{},"tags":[]},{"ancestorTitles":["Reception characterization — registration_clerk permission contract"],"fullName":"Reception characterization — registration_clerk permission contract grants core intake capabilities for registration_clerk","status":"passed","title":"grants core intake capabilities for registration_clerk","duration":0.209500000000844,"failureMessages":[],"meta":{},"tags":[]},{"ancestorTitles":["Reception characterization — registration_clerk permission contract"],"fullName":"Reception characterization — registration_clerk permission contract does not grant system settings or discharge to registration_clerk","status":"passed","title":"does not grant system settings or discharge to registration_clerk","duration":0.9799999999995634,"failureMessages":[],"meta":{},"tags":[]},{"ancestorTitles":["Reception characterization — registration_clerk permission contract"],"fullName":"Reception characterization — registration_clerk permission contract enables patient create presentation for registration_clerk","status":"passed","title":"enables patient create presentation for registration_clerk","duration":0.7266999999992549,"failureMessages":[],"meta":{},"tags":[]},{"ancestorTitles":["Reception characterization — registration_clerk permission contract"],"fullName":"Reception characterization — registration_clerk permission contract blocks patient create for public_display","status":"passed","title":"blocks patient create for public_display","duration":0.24919999999838183,"failureMessages":[],"meta":{},"tags":[]},{"ancestorTitles":["Reception characterization — registration_clerk permission contract"],"fullName":"Reception characterization — registration_clerk permission contract maps emergency reception route to screen.registration permission","status":"passed","title":"maps emergency reception route to screen.registration permission","duration":0.22769999999945867,"failureMessages":[],"meta":{},"tags":[]},{"ancestorTitles":["Reception characterization — registration_clerk permission contract"],"fullName":"Reception characterization — registration_clerk permission contract hasEmergencyPermission agrees with ROLE_PERMISSION_GRANTS for clerk intake","status":"passed","title":"hasEmergencyPermission agrees with ROLE_PERMISSION_GRANTS for clerk intake","duration":0.22379999999975553,"failureMessages":[],"meta":{},"tags":[]},{"ancestorTitles":["Reception characterization — queue movement registry"],"fullName":"Reception characterization — queue movement registry registers verification, pretriage, and EMS reception membership rules","status":"passed","title":"registers verification, pretriage, and EMS reception membership rules","duration":0.3962000000028638,"failureMessages":[],"meta":{},"tags":[]},{"ancestorTitles":["Reception characterization — queue movement registry"],"fullName":"Reception characterization — queue movement registry exposes reception queue tab identifiers used by workspace URL queue= params","status":"passed","title":"exposes reception queue tab identifiers used by workspace URL queue= params","duration":0.17740000000048894,"failureMessages":[],"meta":{},"tags":[]},{"ancestorTitles":["Reception characterization — error taxonomy readiness"],"fullName":"Reception characterization — error taxonomy readiness includes AI and dependency failure codes for accountable degraded paths","status":"passed","title":"includes AI and dependency failure codes for accountable degraded paths","duration":0.125,"failureMessages":[],"meta":{},"tags":[]}],"startTime":1784159646986,"endTime":1784159646996.3962,"status":"passed","message":"","name":"C:/Users/borah/CareDroid-Clinical-AI/src/services/receptionCharacterization.test.ts"},{"assertionResults":[{"ancestorTitles":["accountableFromGatewayPayload"],"fullName":"accountableFromGatewayPayload reads nested accountableRecommendation from gateway shape","status":"passed","title":"reads nested accountableRecommendation from gateway shape","duration":5.189299999998184,"failureMessages":[],"meta":{},"tags":[]},{"ancestorTitles":["accountableFromGatewayPayload"],"fullName":"accountableFromGatewayPayload degrades unstructured payloads instead of pretending full provenance","status":"passed","title":"degrades unstructured payloads instead of pretending full provenance","duration":1.0745999999999185,"failureMessages":[],"meta":{},"tags":[]},{"ancestorTitles":["accountableFromGatewayPayload"],"fullName":"accountableFromGatewayPayload abstains on empty payload","status":"passed","title":"abstains on empty payload","duration":0.586699999999837,"failureMessages":[],"meta":{},"tags":[]}],"startTime":1784159661023,"endTime":1784159661030.5867,"status":"passed","message":"","name":"C:/Users/borah/CareDroid-Clinical-AI/src/utils/accountableFromGateway.test.ts"},{"assertionResults":[{"ancestorTitles":["AccountableRecommendationCard"],"fullName":"AccountableRecommendationCard renders evidence, model, prompt version, and AI badge for ok assist","status":"passed","title":"renders evidence, model, prompt version, and AI badge for ok assist","duration":95.41769999999997,"failureMessages":[],"meta":{},"tags":[]},{"ancestorTitles":["AccountableRecommendationCard"],"fullName":"AccountableRecommendationCard renders abstain state with human review required","status":"passed","title":"renders abstain state with human review required","duration":12.960199999999531,"failureMessages":[],"meta":{},"tags":[]}],"startTime":1784159633778,"endTime":1784159633885.9602,"status":"passed","message":"","name":"C:/Users/borah/CareDroid-Clinical-AI/src/components/ai/AccountableRecommendationCard.test.tsx"}]}