{"numTotalTestSuites":3,"numPassedTestSuites":0,"numFailedTestSuites":3,"numPendingTestSuites":0,"numTotalTests":0,"numPassedTests":0,"numFailedTests":0,"numPendingTests":0,"numTodoTests":0,"snapshot":{"added":0,"failure":false,"filesAdded":0,"filesRemoved":0,"filesRemovedList":[],"filesUnmatched":0,"filesUpdated":0,"matched":0,"total":0,"unchecked":0,"uncheckedKeysByFile":[],"unmatched":0,"updated":0,"didUpdate":false},"startTime":1784156382294,"success":false,"testResults":[{"assertionResults":[],"startTime":1784156382294,"endTime":1784156382294,"status":"failed","message":"Cannot find module '/@id/C:/Users/borah/CareDroid-Clinical-AI/backend/src/test/setup.ts'","name":"C:/Users/borah/CareDroid-Clinical-AI/backend/src/api/runtime-auth.spec.ts"},{"assertionResults":[],"startTime":1784156382294,"endTime":1784156382294,"status":"failed","message":"Cannot find module '/@id/C:/Users/borah/CareDroid-Clinical-AI/backend/src/test/setup.ts'","name":"C:/Users/borah/CareDroid-Clinical-AI/backend/src/modules/rag/retrieval.tenant-adversarial.spec.ts"},{"assertionResults":[],"startTime":1784156382294,"endTime":1784156382294,"status":"failed","message":"Cannot find module '/@id/C:/Users/borah/CareDroid-Clinical-AI/backend/src/test/setup.ts'","name":"C:/Users/borah/CareDroid-Clinical-AI/backend/src/modules/rag/vector-db/pgvector.store.spec.ts"}]}