{"numTotalTestSuites":16,"numPassedTestSuites":16,"numFailedTestSuites":0,"numPendingTestSuites":0,"numTotalTests":26,"numPassedTests":26,"numFailedTests":0,"numPendingTests":0,"numTodoTests":0,"snapshot":{"added":0,"failure":false,"filesAdded":0,"filesRemoved":0,"filesRemovedList":[],"filesUnmatched":0,"filesUpdated":0,"matched":0,"total":0,"unchecked":0,"uncheckedKeysByFile":[],"unmatched":0,"updated":0,"didUpdate":false},"startTime":1784156355793,"success":true,"testResults":[{"assertionResults":[{"ancestorTitles":["emergencyStore EMS arrival conversion"],"fullName":"emergencyStore EMS arrival conversion converts an EMS arrival into a Registration-state whiteboard patient with EMS flag","status":"passed","title":"converts an EMS arrival into a Registration-state whiteboard patient with EMS flag","duration":4.703199999999924,"failureMessages":[],"meta":{},"tags":[]},{"ancestorTitles":["emergencyStore EMS arrival conversion"],"fullName":"emergencyStore EMS arrival conversion auto-prepares critical EMS arrivals and saves checklist status to the patient record","status":"passed","title":"auto-prepares critical EMS arrivals and saves checklist status to the patient record","duration":3.2217000000000553,"failureMessages":[],"meta":{},"tags":[]},{"ancestorTitles":["first customer walkthrough"],"fullName":"first customer walkthrough creates a patient, triages, reassesses, dispositions, and discharges","status":"passed","title":"creates a patient, triages, reassesses, dispositions, and discharges","duration":5.897600000000239,"failureMessages":[],"meta":{},"tags":[]},{"ancestorTitles":["emergencyStore manual escalation"],"fullName":"emergencyStore manual escalation flags patient, dispatches critical alert, logs timeline, and tops reassessment queue","status":"passed","title":"flags patient, dispatches critical alert, logs timeline, and tops reassessment queue","duration":1.4803999999999178,"failureMessages":[],"meta":{},"tags":[]},{"ancestorTitles":["emergencyStore manual escalation"],"fullName":"emergencyStore manual escalation cancels manual escalation and logs cancellation","status":"passed","title":"cancels manual escalation and logs cancellation","duration":0.9976000000001477,"failureMessages":[],"meta":{},"tags":[]},{"ancestorTitles":["emergencyStore manual escalation"],"fullName":"emergencyStore manual escalation prevents non-escalating non-charge staff from cancelling escalation","status":"passed","title":"prevents non-escalating non-charge staff from cancelling escalation","duration":0.539299999999912,"failureMessages":[],"meta":{},"tags":[]},{"ancestorTitles":["emergencyStore crisis staffing requests"],"fullName":"emergencyStore crisis staffing requests records an additional staffing request with current capacity context","status":"passed","title":"records an additional staffing request with current capacity context","duration":0.3975000000000364,"failureMessages":[],"meta":{},"tags":[]},{"ancestorTitles":["emergencyStore staff reassignment"],"fullName":"emergencyStore staff reassignment updates assigned staff lists and logs reassignment context","status":"passed","title":"updates assigned staff lists and logs reassignment context","duration":2.5403000000001157,"failureMessages":[],"meta":{},"tags":[]},{"ancestorTitles":["emergencyStore fast referrals"],"fullName":"emergencyStore fast referrals sends referral from patient record and raises immediate receiving-service alert","status":"passed","title":"sends referral from patient record and raises immediate receiving-service alert","duration":1.5528999999996813,"failureMessages":[],"meta":{},"tags":[]},{"ancestorTitles":["emergencyStore fast referrals"],"fullName":"emergencyStore fast referrals escalates urgent referrals when they remain unacknowledged","status":"passed","title":"escalates urgent referrals when they remain unacknowledged","duration":11.602300000000014,"failureMessages":[],"meta":{},"tags":[]},{"ancestorTitles":["emergencyStore long wait rescue"],"fullName":"emergencyStore long wait rescue flags a P3 waiting 45 minutes as critical and moves them to the top of reassessment","status":"passed","title":"flags a P3 waiting 45 minutes as critical and moves them to the top of reassessment","duration":1.877799999999752,"failureMessages":[],"meta":{},"tags":[]},{"ancestorTitles":["emergencyStore reassessment reminders"],"fullName":"emergencyStore reassessment reminders schedules a reminder, alerts when due, and adds patient to reassessment queue","status":"passed","title":"schedules a reminder, alerts when due, and adds patient to reassessment queue","duration":1.8052999999999884,"failureMessages":[],"meta":{},"tags":[]},{"ancestorTitles":["emergencyStore reassessment reminders"],"fullName":"emergencyStore reassessment reminders snoozes and completes reminders while logging timeline events","status":"passed","title":"snoozes and completes reminders while logging timeline events","duration":2.2089999999998327,"failureMessages":[],"meta":{},"tags":[]},{"ancestorTitles":["emergencyStore vitals alert pipeline"],"fullName":"emergencyStore vitals alert pipeline fires critical response, flags patient, and broadcasts alert for SpO2 below 88","status":"passed","title":"fires critical response, flags patient, and broadcasts alert for SpO2 below 88","duration":1.1177999999999884,"failureMessages":[],"meta":{},"tags":[]},{"ancestorTitles":["emergencyStore vitals alert pipeline"],"fullName":"emergencyStore vitals alert pipeline fires warning response and can mark vitals alert addressed","status":"passed","title":"fires warning response and can mark vitals alert addressed","duration":0.5593999999996413,"failureMessages":[],"meta":{},"tags":[]}],"startTime":1784156359304,"endTime":1784156359345.5593,"status":"passed","message":"","name":"C:/Users/borah/CareDroid-Clinical-AI/src/store/emergencyStore.workflowActions.test.ts"},{"assertionResults":[{"ancestorTitles":["GroqAdapter"],"fullName":"GroqAdapter reports unconfigured when GROQ_API_KEY is missing","status":"passed","title":"reports unconfigured when GROQ_API_KEY is missing","duration":3.6093000000000757,"failureMessages":[],"meta":{},"tags":[]},{"ancestorTitles":["GroqAdapter"],"fullName":"GroqAdapter throws AI_CONFIG_ERROR when key missing on complete","status":"passed","title":"throws AI_CONFIG_ERROR when key missing on complete","duration":1.7848000000003594,"failureMessages":[],"meta":{},"tags":[]},{"ancestorTitles":["GroqAdapter"],"fullName":"GroqAdapter calls Groq OpenAI-compatible endpoint with timeout-safe fetch","status":"passed","title":"calls Groq OpenAI-compatible endpoint with timeout-safe fetch","duration":4.181100000000697,"failureMessages":[],"meta":{},"tags":[]},{"ancestorTitles":["GroqAdapter"],"fullName":"GroqAdapter maps 429 to AI_RATE_LIMIT","status":"passed","title":"maps 429 to AI_RATE_LIMIT","duration":0.7371999999995751,"failureMessages":[],"meta":{},"tags":[]}],"startTime":1784156360323,"endTime":1784156360333.7373,"status":"passed","message":"","name":"C:/Users/borah/CareDroid-Clinical-AI/lib/ai/providers/groqAdapter.test.ts"},{"assertionResults":[{"ancestorTitles":["transportSafety"],"fullName":"transportSafety reads timeout from env with a safe default","status":"passed","title":"reads timeout from env with a safe default","duration":2.3582000000001244,"failureMessages":[],"meta":{},"tags":[]},{"ancestorTitles":["transportSafety"],"fullName":"transportSafety fetchWithTimeout aborts hung fetches and surfaces AbortError","status":"passed","title":"fetchWithTimeout aborts hung fetches and surfaces AbortError","duration":2.5726999999999407,"failureMessages":[],"meta":{},"tags":[]},{"ancestorTitles":["transportSafety"],"fullName":"transportSafety maps abort errors to AI_TIMEOUT","status":"passed","title":"maps abort errors to AI_TIMEOUT","duration":0.5627999999999247,"failureMessages":[],"meta":{},"tags":[]},{"ancestorTitles":["transportSafety"],"fullName":"transportSafety opens the circuit after the failure threshold and cools down","status":"passed","title":"opens the circuit after the failure threshold and cools down","duration":0.49689999999986867,"failureMessages":[],"meta":{},"tags":[]},{"ancestorTitles":["transportSafety"],"fullName":"transportSafety assertAllowed throws AI_CIRCUIT_OPEN when the breaker is open","status":"passed","title":"assertAllowed throws AI_CIRCUIT_OPEN when the breaker is open","duration":0.6078000000002248,"failureMessages":[],"meta":{},"tags":[]}],"startTime":1784156356973,"endTime":1784156356979.608,"status":"passed","message":"","name":"C:/Users/borah/CareDroid-Clinical-AI/lib/ai/providers/transportSafety.test.ts"},{"assertionResults":[{"ancestorTitles":["lazySpecialtyCalculators"],"fullName":"lazySpecialtyCalculators exports a large set of specialty calculator lazy components","status":"passed","title":"exports a large set of specialty calculator lazy components","duration":1.3912000000000262,"failureMessages":[],"meta":{},"tags":[]},{"ancestorTitles":["lazySpecialtyCalculators"],"fullName":"lazySpecialtyCalculators lazy components expose $$typeof (React.lazy)","status":"passed","title":"lazy components expose $$typeof (React.lazy)","duration":0.21680000000014843,"failureMessages":[],"meta":{},"tags":[]}],"startTime":1784156361416,"endTime":1784156361417.391,"status":"passed","message":"","name":"C:/Users/borah/CareDroid-Clinical-AI/src/pages/tools/lazySpecialtyCalculators.test.ts"}]}